[debug] [2023-08-14T09:28:04.790Z] ----------------------------------------------------------------------
[debug] [2023-08-14T09:28:04.792Z] Command:       C:\Program Files\nodejs\node.exe C:\Users\zano\AppData\Roaming\npm\node_modules\firebase-tools\lib\bin\firebase.js deploy
[debug] [2023-08-14T09:28:04.792Z] CLI Version:   12.4.7
[debug] [2023-08-14T09:28:04.793Z] Platform:      win32
[debug] [2023-08-14T09:28:04.793Z] Node Version:  v18.15.0
[debug] [2023-08-14T09:28:04.794Z] Time:          Mon Aug 14 2023 16:28:04 GMT+0700 (hora de Indochina)
[debug] [2023-08-14T09:28:04.794Z] ----------------------------------------------------------------------
[debug] 
[debug] [2023-08-14T09:28:04.888Z] > command requires scopes: ["email","openid","https://www.googleapis.com/auth/cloudplatformprojects.readonly","https://www.googleapis.com/auth/firebase","https://www.googleapis.com/auth/cloud-platform"]
[debug] [2023-08-14T09:28:04.889Z] > authorizing via signed-in user (zanozanozano@gmail.com)
[debug] [2023-08-14T09:28:04.889Z] [iam] checking project suricata-9cc9b for permissions ["firebase.projects.get","firebasehosting.sites.update"]
[debug] [2023-08-14T09:28:04.891Z] > refreshing access token with scopes: []
[debug] [2023-08-14T09:28:04.893Z] >>> [apiv2][query] POST https://www.googleapis.com/oauth2/v3/token [none]
[debug] [2023-08-14T09:28:04.893Z] >>> [apiv2][body] POST https://www.googleapis.com/oauth2/v3/token [omitted]
[debug] [2023-08-14T09:28:24.194Z] *** [apiv2] error from fetch(https://www.googleapis.com/oauth2/v3/token, {"headers":{},"method":"POST","body":{"_overheadLength":545,"_valueLength":212,"_valuesToMeasure":[],"writable":false,"readable":true,"dataSize":0,"maxDataSize":2097152,"pauseStreams":true,"_released":true,"_streams":[],"_currentStream":null,"_insideLoop":false,"_pendingNext":false,"_boundary":"--------------------------826638184676041966244678","_events":{},"_eventsCount":1}}): FetchError: request to https://www.googleapis.com/oauth2/v3/token failed, reason: read ECONNRESET
[debug] [2023-08-14T09:28:24.194Z] [iam] error while checking permissions, command may fail: FirebaseError: Authentication Error: Your credentials are no longer valid. Please run firebase login --reauth

For CI servers and headless environments, generate a new token with firebase login:ci
[debug] [2023-08-14T09:28:24.195Z] > refreshing access token with scopes: []
[debug] [2023-08-14T09:28:24.195Z] >>> [apiv2][query] POST https://www.googleapis.com/oauth2/v3/token [none]
[debug] [2023-08-14T09:28:24.195Z] >>> [apiv2][body] POST https://www.googleapis.com/oauth2/v3/token [omitted]
[debug] [2023-08-14T09:28:34.261Z] *** [apiv2] error from fetch(https://www.googleapis.com/oauth2/v3/token, {"headers":{},"method":"POST","body":{"_overheadLength":545,"_valueLength":212,"_valuesToMeasure":[],"writable":false,"readable":true,"dataSize":0,"maxDataSize":2097152,"pauseStreams":true,"_released":true,"_streams":[],"_currentStream":null,"_insideLoop":false,"_pendingNext":false,"_boundary":"--------------------------031461340235811174203445","_events":{},"_eventsCount":1}}): FetchError: request to https://www.googleapis.com/oauth2/v3/token failed, reason: Client network socket disconnected before secure TLS connection was established
[debug] [2023-08-14T09:28:34.262Z] Authentication Error: Your credentials are no longer valid. Please run firebase login --reauth

For CI servers and headless environments, generate a new token with firebase login:ci
[debug] [2023-08-14T09:28:34.376Z] FirebaseError: Authentication Error: Your credentials are no longer valid. Please run firebase login --reauth

For CI servers and headless environments, generate a new token with firebase login:ci
    at invalidCredentialError (C:\Users\zano\AppData\Roaming\npm\node_modules\firebase-tools\lib\auth.js:144:12)
    at refreshTokens (C:\Users\zano\AppData\Roaming\npm\node_modules\firebase-tools\lib\auth.js:508:15)
    at process.processTicksAndRejections (node:internal/process/task_queues:95:5)
    at async Client.getAccessToken (C:\Users\zano\AppData\Roaming\npm\node_modules\firebase-tools\lib\apiv2.js:149:22)
    at async Client.addAuthHeader (C:\Users\zano\AppData\Roaming\npm\node_modules\firebase-tools\lib\apiv2.js:140:21)
    at async Client.request (C:\Users\zano\AppData\Roaming\npm\node_modules\firebase-tools\lib\apiv2.js:96:34)
    at async getFirebaseProject (C:\Users\zano\AppData\Roaming\npm\node_modules\firebase-tools\lib\management\projects.js:295:21)
    at async getDefaultHostingSite (C:\Users\zano\AppData\Roaming\npm\node_modules\firebase-tools\lib\getDefaultHostingSite.js:10:21)
    at async requireHostingSite (C:\Users\zano\AppData\Roaming\npm\node_modules\firebase-tools\lib\requireHostingSite.js:9:18)
    at async Object.fn (C:\Users\zano\AppData\Roaming\npm\node_modules\firebase-tools\lib\commands\deploy.js:74:9)
[error] 
[error] Error: Failed to get Firebase project suricata-9cc9b. Please make sure the project exists and your account has permission to access it.
